<?xml version="1.0" encoding="UTF-8"?>
<testsuite xmlns:xsi="http://www.w3.org/2001/XMLSchema-instance" xsi:noNamespaceSchemaLocation="https://maven.apache.org/surefire/maven-surefire-plugin/xsd/surefire-test-report-3.0.xsd" version="3.0" name="com.balazsholczer.template.TemplatePatternTest" time="0.276" tests="9" errors="0" skipped="0" failures="0">
  <properties>
    <property name="java.specification.version" value="24"/>
    <property name="sun.cpu.isalist" value="amd64"/>
    <property name="sun.jnu.encoding" value="Cp1252"/>
    <property name="java.class.path" value="C:\temp\udemy-design-Patterns-SOLID\TemplatePattern\target\test-classes;C:\temp\udemy-design-Patterns-SOLID\TemplatePattern\target\classes;C:\Users\Lenovo\.m2\repository\org\junit\jupiter\junit-jupiter\5.9.2\junit-jupiter-5.9.2.jar;C:\Users\Lenovo\.m2\repository\org\junit\jupiter\junit-jupiter-api\5.9.2\junit-jupiter-api-5.9.2.jar;C:\Users\Lenovo\.m2\repository\org\opentest4j\opentest4j\1.2.0\opentest4j-1.2.0.jar;C:\Users\Lenovo\.m2\repository\org\junit\platform\junit-platform-commons\1.9.2\junit-platform-commons-1.9.2.jar;C:\Users\Lenovo\.m2\repository\org\apiguardian\apiguardian-api\1.1.2\apiguardian-api-1.1.2.jar;C:\Users\Lenovo\.m2\repository\org\junit\jupiter\junit-jupiter-params\5.9.2\junit-jupiter-params-5.9.2.jar;C:\Users\Lenovo\.m2\repository\org\junit\jupiter\junit-jupiter-engine\5.9.2\junit-jupiter-engine-5.9.2.jar;C:\Users\Lenovo\.m2\repository\org\junit\platform\junit-platform-engine\1.9.2\junit-platform-engine-1.9.2.jar;"/>
    <property name="java.vm.vendor" value="Azul Systems, Inc."/>
    <property name="sun.arch.data.model" value="64"/>
    <property name="user.variant" value=""/>
    <property name="java.vendor.url" value="http://www.azul.com/"/>
    <property name="user.timezone" value="Europe/Warsaw"/>
    <property name="os.name" value="Windows 11"/>
    <property name="java.vm.specification.version" value="24"/>
    <property name="sun.java.launcher" value="SUN_STANDARD"/>
    <property name="user.country" value="US"/>
    <property name="sun.boot.library.path" value="C:\Users\Lenovo\.sdkman\candidates\java\current\bin"/>
    <property name="sun.java.command" value="C:\Users\Lenovo\AppData\Local\Temp\surefire8450887967923928788\surefirebooter-20250818210902962_95.jar C:\Users\Lenovo\AppData\Local\Temp\surefire8450887967923928788 2025-08-18T21-08-27_244-jvmRun1 surefire-20250818210902962_93tmp surefire_10-20250818210902962_94tmp"/>
    <property name="jdk.debug" value="release"/>
    <property name="surefire.test.class.path" value="C:\temp\udemy-design-Patterns-SOLID\TemplatePattern\target\test-classes;C:\temp\udemy-design-Patterns-SOLID\TemplatePattern\target\classes;C:\Users\Lenovo\.m2\repository\org\junit\jupiter\junit-jupiter\5.9.2\junit-jupiter-5.9.2.jar;C:\Users\Lenovo\.m2\repository\org\junit\jupiter\junit-jupiter-api\5.9.2\junit-jupiter-api-5.9.2.jar;C:\Users\Lenovo\.m2\repository\org\opentest4j\opentest4j\1.2.0\opentest4j-1.2.0.jar;C:\Users\Lenovo\.m2\repository\org\junit\platform\junit-platform-commons\1.9.2\junit-platform-commons-1.9.2.jar;C:\Users\Lenovo\.m2\repository\org\apiguardian\apiguardian-api\1.1.2\apiguardian-api-1.1.2.jar;C:\Users\Lenovo\.m2\repository\org\junit\jupiter\junit-jupiter-params\5.9.2\junit-jupiter-params-5.9.2.jar;C:\Users\Lenovo\.m2\repository\org\junit\jupiter\junit-jupiter-engine\5.9.2\junit-jupiter-engine-5.9.2.jar;C:\Users\Lenovo\.m2\repository\org\junit\platform\junit-platform-engine\1.9.2\junit-platform-engine-1.9.2.jar;"/>
    <property name="sun.cpu.endian" value="little"/>
    <property name="user.home" value="C:\Users\Lenovo"/>
    <property name="user.language" value="en"/>
    <property name="java.specification.vendor" value="Oracle Corporation"/>
    <property name="java.version.date" value="2025-03-18"/>
    <property name="java.home" value="C:\Users\Lenovo\.sdkman\candidates\java\current"/>
    <property name="file.separator" value="\"/>
    <property name="basedir" value="C:\temp\udemy-design-Patterns-SOLID\TemplatePattern"/>
    <property name="java.vm.compressedOopsMode" value="Zero based"/>
    <property name="line.separator" value="&#10;"/>
    <property name="java.vm.specification.vendor" value="Oracle Corporation"/>
    <property name="java.specification.name" value="Java Platform API Specification"/>
    <property name="surefire.real.class.path" value="C:\Users\Lenovo\AppData\Local\Temp\surefire8450887967923928788\surefirebooter-20250818210902962_95.jar"/>
    <property name="user.script" value=""/>
    <property name="sun.management.compiler" value="HotSpot 64-Bit Tiered Compilers"/>
    <property name="java.runtime.version" value="24+36"/>
    <property name="user.name" value="Lenovo"/>
    <property name="stdout.encoding" value="Cp1252"/>
    <property name="path.separator" value=";"/>
    <property name="os.version" value="10.0"/>
    <property name="java.runtime.name" value="OpenJDK Runtime Environment"/>
    <property name="file.encoding" value="UTF-8"/>
    <property name="java.vm.name" value="OpenJDK 64-Bit Server VM"/>
    <property name="java.vendor.version" value="Zulu24.28+85-CA"/>
    <property name="localRepository" value="C:\Users\Lenovo\.m2\repository"/>
    <property name="java.vendor.url.bug" value="http://www.azul.com/support/"/>
    <property name="java.io.tmpdir" value="C:\Users\Lenovo\AppData\Local\Temp\"/>
    <property name="java.version" value="24"/>
    <property name="user.dir" value="C:\temp\udemy-design-Patterns-SOLID\TemplatePattern"/>
    <property name="os.arch" value="amd64"/>
    <property name="java.vm.specification.name" value="Java Virtual Machine Specification"/>
    <property name="sun.os.patch.level" value=""/>
    <property name="native.encoding" value="Cp1252"/>
    <property name="java.library.path" value="C:\Users\Lenovo\.sdkman\candidates\java\current\bin;C:\WINDOWS\Sun\Java\bin;C:\WINDOWS\system32;C:\WINDOWS;C:\Users\Lenovo\.sdkman\candidates\scala\current\bin;C:\Users\Lenovo\.sdkman\candidates\sbt\current\bin;C:\Users\Lenovo\.sdkman\candidates\maven\current\bin;C:\Users\Lenovo\.sdkman\candidates\kotlin\current\bin;C:\Users\Lenovo\.sdkman\candidates\java\current\bin;C:\Users\Lenovo\.sdkman\candidates\groovy\current\bin;C:\Users\Lenovo\.sdkman\candidates\grails\current\bin;C:\Users\Lenovo\.sdkman\candidates\gradle\current\bin;C:\Users\Lenovo\bin;C:\Program Files\Git\mingw64\bin;C:\Program Files\Git\usr\local\bin;C:\Program Files\Git\usr\bin;C:\Program Files\Git\usr\bin;C:\Program Files\Git\mingw64\bin;C:\Program Files\Git\usr\bin;C:\Users\Lenovo\bin;C:\WINDOWS\system32;C:\WINDOWS;C:\WINDOWS\System32\Wbem;C:\WINDOWS\System32\WindowsPowerShell\v1.0;C:\WINDOWS\System32\OpenSSH;C:\Program Files\dotnet;C:\Program Files\Git\cmd;C:\Users\Lenovo\AppData\Local\nvm;C:\nvm4w\nodejs;C:\Users\Lenovo\anaconda3;C:\Users\Lenovo\anaconda3\Library\mingw-w64\bin;C:\Users\Lenovo\anaconda3\Library\usr\bin;C:\Users\Lenovo\anaconda3\Library\bin;C:\Users\Lenovo\anaconda3\Scripts;C:\Users\Lenovo\AppData\Local\Microsoft\WindowsApps;C:\Users\Lenovo\AppData\Local\JetBrains\Toolbox\scripts;C:\Users\Lenovo\AppData\Local\Microsoft\WindowsApps;C:\Users\Lenovo\AppData\Local\Programs\Microsoft VS Code\bin;C:\Users\Lenovo\AppData\Local\nvm;C:\nvm4w\nodejs;C:\Program Files\Git\usr\bin\vendor_perl;C:\Program Files\Git\usr\bin\core_perl;."/>
    <property name="java.vm.info" value="mixed mode, sharing"/>
    <property name="stderr.encoding" value="Cp1252"/>
    <property name="java.vendor" value="Azul Systems, Inc."/>
    <property name="java.vm.version" value="24+36"/>
    <property name="sun.io.unicode.encoding" value="UnicodeLittle"/>
    <property name="java.class.version" value="68.0"/>
  </properties>
  <testcase name="testEquivalenceAcrossApproaches" classname="com.balazsholczer.template.TemplatePatternTest" time="0.123">
    <system-out><![CDATA[Bubble sort initializing...
1 2 3 5 8 9 Bubble initializing...
1 2 3 5 8 9 
Bubble sort initializing...
1 2 3 5 8 9 
Bubble sort initializing...
1 2 3 5 8 9 
]]></system-out>
  </testcase>
  <testcase name="testHookMethods" classname="com.balazsholczer.template.TemplatePatternTest" time="0.006">
    <system-out><![CDATA[Bubble sort initializing...
1 2 3 5 8 9 ]]></system-out>
  </testcase>
  <testcase name="testPerformanceComparison" classname="com.balazsholczer.template.TemplatePatternTest" time="0.021">
    <system-out><![CDATA[Bubble sort initializing...
0 0 1 1 2 3 3 5 7 7 9 9 10 12 13 13 13 17 18 19 19 19 23 23 23 25 25 26 27 28 29 29 30 30 30 30 32 33 34 35 37 40 41 42 43 43 43 44 46 47 48 52 53 56 56 56 57 58 58 59 59 60 60 61 63 63 64 65 70 70 73 75 75 76 76 76 76 79 79 82 84 85 86 87 90 92 93 93 93 93 93 94 94 94 95 96 97 98 98 99 Insertion sort initializing...
0 0 1 1 2 3 3 5 7 7 9 9 10 12 13 13 13 17 18 19 19 19 23 23 23 25 25 26 27 28 29 29 30 30 30 30 32 33 34 35 37 40 41 42 43 43 43 44 46 47 48 52 53 56 56 56 57 58 58 59 59 60 60 61 63 63 64 65 70 70 73 75 75 76 76 76 76 79 79 82 84 85 86 87 90 92 93 93 93 93 93 94 94 94 95 96 97 98 98 99 ]]></system-out>
  </testcase>
  <testcase name="testFunctionalTemplatePattern" classname="com.balazsholczer.template.TemplatePatternTest" time="0.008">
    <system-out><![CDATA[Bubble Sort initializing...
1 2 3 5 8 9 
Insertion Sort initializing...
1 2 3 5 8 9 
]]></system-out>
  </testcase>
  <testcase name="testTemplateMethodStructure" classname="com.balazsholczer.template.TemplatePatternTest" time="0.006">
    <system-out><![CDATA[Bubble sort initializing...
1 2 3 5 8 9 ]]></system-out>
  </testcase>
  <testcase name="testRecordTemplatePattern" classname="com.balazsholczer.template.TemplatePatternTest" time="0.01">
    <system-out><![CDATA[Bubble sort initializing...
1 2 3 5 8 9 
Insertion sort initializing...
1 2 3 5 8 9 
]]></system-out>
  </testcase>
  <testcase name="testTraditionalTemplatePattern" classname="com.balazsholczer.template.TemplatePatternTest" time="0.005">
    <system-out><![CDATA[Bubble sort initializing...
1 2 3 5 8 9 Insertion sort initializing...
1 2 3 5 8 9 ]]></system-out>
  </testcase>
  <testcase name="testTemplateFlexibility" classname="com.balazsholczer.template.TemplatePatternTest" time="0.004">
    <system-out><![CDATA[Custom Sort initializing...
1 2 3 5 8 9 
]]></system-out>
  </testcase>
  <testcase name="testEnumTemplatePattern" classname="com.balazsholczer.template.TemplatePatternTest" time="0.004">
    <system-out><![CDATA[Bubble sort initializing...
1 2 3 5 8 9 
Insertion sort initializing...
1 2 3 5 8 9 
]]></system-out>
  </testcase>
</testsuite>