<?xml version="1.0" encoding="UTF-8"?>
<testsuite xmlns:xsi="http://www.w3.org/2001/XMLSchema-instance" xsi:noNamespaceSchemaLocation="https://maven.apache.org/surefire/maven-surefire-plugin/xsd/surefire-test-report-3.0.xsd" version="3.0" name="com.balazsholczer.sessionfacade.SessionFacadePatternTest" time="0.232" tests="12" errors="0" skipped="0" failures="0">
  <properties>
    <property name="java.specification.version" value="24"/>
    <property name="sun.cpu.isalist" value="amd64"/>
    <property name="sun.jnu.encoding" value="Cp1252"/>
    <property name="java.class.path" value="C:\temp\udemy-design-Patterns-SOLID\SessionFacadePattern\target\test-classes;C:\temp\udemy-design-Patterns-SOLID\SessionFacadePattern\target\classes;C:\Users\Lenovo\.m2\repository\org\junit\jupiter\junit-jupiter\5.9.2\junit-jupiter-5.9.2.jar;C:\Users\Lenovo\.m2\repository\org\junit\jupiter\junit-jupiter-api\5.9.2\junit-jupiter-api-5.9.2.jar;C:\Users\Lenovo\.m2\repository\org\opentest4j\opentest4j\1.2.0\opentest4j-1.2.0.jar;C:\Users\Lenovo\.m2\repository\org\junit\platform\junit-platform-commons\1.9.2\junit-platform-commons-1.9.2.jar;C:\Users\Lenovo\.m2\repository\org\apiguardian\apiguardian-api\1.1.2\apiguardian-api-1.1.2.jar;C:\Users\Lenovo\.m2\repository\org\junit\jupiter\junit-jupiter-params\5.9.2\junit-jupiter-params-5.9.2.jar;C:\Users\Lenovo\.m2\repository\org\junit\jupiter\junit-jupiter-engine\5.9.2\junit-jupiter-engine-5.9.2.jar;C:\Users\Lenovo\.m2\repository\org\junit\platform\junit-platform-engine\1.9.2\junit-platform-engine-1.9.2.jar;"/>
    <property name="java.vm.vendor" value="Azul Systems, Inc."/>
    <property name="sun.arch.data.model" value="64"/>
    <property name="user.variant" value=""/>
    <property name="java.vendor.url" value="http://www.azul.com/"/>
    <property name="user.timezone" value="Europe/Warsaw"/>
    <property name="os.name" value="Windows 11"/>
    <property name="java.vm.specification.version" value="24"/>
    <property name="sun.java.launcher" value="SUN_STANDARD"/>
    <property name="user.country" value="US"/>
    <property name="sun.boot.library.path" value="C:\Users\Lenovo\.sdkman\candidates\java\current\bin"/>
    <property name="sun.java.command" value="C:\Users\Lenovo\AppData\Local\Temp\surefire10378329312210777382\surefirebooter-20250818211033229_323.jar C:\Users\Lenovo\AppData\Local\Temp\surefire10378329312210777382 2025-08-18T21-08-27_244-jvmRun1 surefire-20250818211033229_321tmp surefire_40-20250818211033229_322tmp"/>
    <property name="jdk.debug" value="release"/>
    <property name="surefire.test.class.path" value="C:\temp\udemy-design-Patterns-SOLID\SessionFacadePattern\target\test-classes;C:\temp\udemy-design-Patterns-SOLID\SessionFacadePattern\target\classes;C:\Users\Lenovo\.m2\repository\org\junit\jupiter\junit-jupiter\5.9.2\junit-jupiter-5.9.2.jar;C:\Users\Lenovo\.m2\repository\org\junit\jupiter\junit-jupiter-api\5.9.2\junit-jupiter-api-5.9.2.jar;C:\Users\Lenovo\.m2\repository\org\opentest4j\opentest4j\1.2.0\opentest4j-1.2.0.jar;C:\Users\Lenovo\.m2\repository\org\junit\platform\junit-platform-commons\1.9.2\junit-platform-commons-1.9.2.jar;C:\Users\Lenovo\.m2\repository\org\apiguardian\apiguardian-api\1.1.2\apiguardian-api-1.1.2.jar;C:\Users\Lenovo\.m2\repository\org\junit\jupiter\junit-jupiter-params\5.9.2\junit-jupiter-params-5.9.2.jar;C:\Users\Lenovo\.m2\repository\org\junit\jupiter\junit-jupiter-engine\5.9.2\junit-jupiter-engine-5.9.2.jar;C:\Users\Lenovo\.m2\repository\org\junit\platform\junit-platform-engine\1.9.2\junit-platform-engine-1.9.2.jar;"/>
    <property name="sun.cpu.endian" value="little"/>
    <property name="user.home" value="C:\Users\Lenovo"/>
    <property name="user.language" value="en"/>
    <property name="java.specification.vendor" value="Oracle Corporation"/>
    <property name="java.version.date" value="2025-03-18"/>
    <property name="java.home" value="C:\Users\Lenovo\.sdkman\candidates\java\current"/>
    <property name="file.separator" value="\"/>
    <property name="basedir" value="C:\temp\udemy-design-Patterns-SOLID\SessionFacadePattern"/>
    <property name="java.vm.compressedOopsMode" value="Zero based"/>
    <property name="line.separator" value="&#10;"/>
    <property name="java.vm.specification.vendor" value="Oracle Corporation"/>
    <property name="java.specification.name" value="Java Platform API Specification"/>
    <property name="surefire.real.class.path" value="C:\Users\Lenovo\AppData\Local\Temp\surefire10378329312210777382\surefirebooter-20250818211033229_323.jar"/>
    <property name="user.script" value=""/>
    <property name="sun.management.compiler" value="HotSpot 64-Bit Tiered Compilers"/>
    <property name="java.runtime.version" value="24+36"/>
    <property name="user.name" value="Lenovo"/>
    <property name="stdout.encoding" value="Cp1252"/>
    <property name="path.separator" value=";"/>
    <property name="os.version" value="10.0"/>
    <property name="java.runtime.name" value="OpenJDK Runtime Environment"/>
    <property name="file.encoding" value="UTF-8"/>
    <property name="java.vm.name" value="OpenJDK 64-Bit Server VM"/>
    <property name="java.vendor.version" value="Zulu24.28+85-CA"/>
    <property name="localRepository" value="C:\Users\Lenovo\.m2\repository"/>
    <property name="java.vendor.url.bug" value="http://www.azul.com/support/"/>
    <property name="java.io.tmpdir" value="C:\Users\Lenovo\AppData\Local\Temp\"/>
    <property name="java.version" value="24"/>
    <property name="user.dir" value="C:\temp\udemy-design-Patterns-SOLID\SessionFacadePattern"/>
    <property name="os.arch" value="amd64"/>
    <property name="java.vm.specification.name" value="Java Virtual Machine Specification"/>
    <property name="sun.os.patch.level" value=""/>
    <property name="native.encoding" value="Cp1252"/>
    <property name="java.library.path" value="C:\Users\Lenovo\.sdkman\candidates\java\current\bin;C:\WINDOWS\Sun\Java\bin;C:\WINDOWS\system32;C:\WINDOWS;C:\Users\Lenovo\.sdkman\candidates\scala\current\bin;C:\Users\Lenovo\.sdkman\candidates\sbt\current\bin;C:\Users\Lenovo\.sdkman\candidates\maven\current\bin;C:\Users\Lenovo\.sdkman\candidates\kotlin\current\bin;C:\Users\Lenovo\.sdkman\candidates\java\current\bin;C:\Users\Lenovo\.sdkman\candidates\groovy\current\bin;C:\Users\Lenovo\.sdkman\candidates\grails\current\bin;C:\Users\Lenovo\.sdkman\candidates\gradle\current\bin;C:\Users\Lenovo\bin;C:\Program Files\Git\mingw64\bin;C:\Program Files\Git\usr\local\bin;C:\Program Files\Git\usr\bin;C:\Program Files\Git\usr\bin;C:\Program Files\Git\mingw64\bin;C:\Program Files\Git\usr\bin;C:\Users\Lenovo\bin;C:\WINDOWS\system32;C:\WINDOWS;C:\WINDOWS\System32\Wbem;C:\WINDOWS\System32\WindowsPowerShell\v1.0;C:\WINDOWS\System32\OpenSSH;C:\Program Files\dotnet;C:\Program Files\Git\cmd;C:\Users\Lenovo\AppData\Local\nvm;C:\nvm4w\nodejs;C:\Users\Lenovo\anaconda3;C:\Users\Lenovo\anaconda3\Library\mingw-w64\bin;C:\Users\Lenovo\anaconda3\Library\usr\bin;C:\Users\Lenovo\anaconda3\Library\bin;C:\Users\Lenovo\anaconda3\Scripts;C:\Users\Lenovo\AppData\Local\Microsoft\WindowsApps;C:\Users\Lenovo\AppData\Local\JetBrains\Toolbox\scripts;C:\Users\Lenovo\AppData\Local\Microsoft\WindowsApps;C:\Users\Lenovo\AppData\Local\Programs\Microsoft VS Code\bin;C:\Users\Lenovo\AppData\Local\nvm;C:\nvm4w\nodejs;C:\Program Files\Git\usr\bin\vendor_perl;C:\Program Files\Git\usr\bin\core_perl;."/>
    <property name="java.vm.info" value="mixed mode, sharing"/>
    <property name="stderr.encoding" value="Cp1252"/>
    <property name="java.vendor" value="Azul Systems, Inc."/>
    <property name="java.vm.version" value="24+36"/>
    <property name="sun.io.unicode.encoding" value="UnicodeLittle"/>
    <property name="java.class.version" value="68.0"/>
  </properties>
  <testcase name="testCoarseGrainedOperations" classname="com.balazsholczer.sessionfacade.SessionFacadePatternTest" time="0.118">
    <system-out><![CDATA[OrderSessionFacade: Processing complete order workflow
CustomerService: Retrieving customer PERF-TEST
OrderService: Creating order for customer PERF-TEST
PaymentService: Processing payment of 300 for order ORD-1755544234508
OrderSessionFacade: Order completed successfully
]]></system-out>
  </testcase>
  <testcase name="testErrorHandlingWorkflow" classname="com.balazsholczer.sessionfacade.SessionFacadePatternTest" time="0.007">
    <system-out><![CDATA[OrderSessionFacade: Processing complete order workflow
CustomerService: Retrieving customer CUST-123
OrderService: Creating order for customer CUST-123
PaymentService: Processing payment of 0 for order ORD-1755544234575
OrderSessionFacade: Order completed successfully
OrderSessionFacade: Processing complete order workflow
CustomerService: Retrieving customer null
OrderService: Creating order for customer null
PaymentService: Processing payment of 300 for order ORD-1755544234579
OrderSessionFacade: Order completed successfully
]]></system-out>
  </testcase>
  <testcase name="testEquivalenceAcrossApproaches" classname="com.balazsholczer.sessionfacade.SessionFacadePatternTest" time="0.005">
    <system-out><![CDATA[OrderSessionFacade: Processing complete order workflow
CustomerService: Retrieving customer EQUIV-TEST
OrderService: Creating order for customer EQUIV-TEST
PaymentService: Processing payment of 300 for order ORD-1755544234585
OrderSessionFacade: Order completed successfully
]]></system-out>
  </testcase>
  <testcase name="testOrderDataStructures" classname="com.balazsholczer.sessionfacade.SessionFacadePatternTest" time="0.007"/>
  <testcase name="testComplexOrderProcessing" classname="com.balazsholczer.sessionfacade.SessionFacadePatternTest" time="0.003">
    <system-out><![CDATA[OrderSessionFacade: Processing complete order workflow
CustomerService: Retrieving customer CUST-001
OrderService: Creating order for customer CUST-001
PaymentService: Processing payment of 100 for order ORD-1755544234600
OrderSessionFacade: Order completed successfully
OrderSessionFacade: Processing complete order workflow
CustomerService: Retrieving customer CUST-002
OrderService: Creating order for customer CUST-002
PaymentService: Processing payment of 500 for order ORD-1755544234600
OrderSessionFacade: Order completed successfully
]]></system-out>
  </testcase>
  <testcase name="testStreamBasedProcessing" classname="com.balazsholczer.sessionfacade.SessionFacadePatternTest" time="0.007">
    <system-out><![CDATA[OrderSessionFacade: Processing complete order workflow
CustomerService: Retrieving customer CUST-001
OrderService: Creating order for customer CUST-001
PaymentService: Processing payment of 300 for order ORD-1755544234608
OrderSessionFacade: Order completed successfully
OrderSessionFacade: Processing complete order workflow
CustomerService: Retrieving customer CUST-002
OrderService: Creating order for customer CUST-002
PaymentService: Processing payment of 300 for order ORD-1755544234608
OrderSessionFacade: Order completed successfully
OrderSessionFacade: Processing complete order workflow
CustomerService: Retrieving customer CUST-003
OrderService: Creating order for customer CUST-003
PaymentService: Processing payment of 300 for order ORD-1755544234608
OrderSessionFacade: Order completed successfully
]]></system-out>
  </testcase>
  <testcase name="testOrderCancellation" classname="com.balazsholczer.sessionfacade.SessionFacadePatternTest" time="0.003">
    <system-out><![CDATA[OrderSessionFacade: Cancelling order ORD-12345
OrderService: Retrieving order ORD-12345
PaymentService: Refunding 200 for order ORD-12345
]]></system-out>
  </testcase>
  <testcase name="testServiceIntegration" classname="com.balazsholczer.sessionfacade.SessionFacadePatternTest" time="0.003">
    <system-out><![CDATA[OrderSessionFacade: Processing complete order workflow
CustomerService: Retrieving customer INTEGRATION-TEST
OrderService: Creating order for customer INTEGRATION-TEST
PaymentService: Processing payment of 200 for order ORD-1755544234620
OrderSessionFacade: Order completed successfully
OrderSessionFacade: Cancelling order ORD-1755544234620
OrderService: Retrieving order ORD-1755544234620
PaymentService: Refunding 200 for order ORD-1755544234620
]]></system-out>
  </testcase>
  <testcase name="testTraditionalSessionFacade" classname="com.balazsholczer.sessionfacade.SessionFacadePatternTest" time="0.003">
    <system-out><![CDATA[OrderSessionFacade: Processing complete order workflow
CustomerService: Retrieving customer CUST-123
OrderService: Creating order for customer CUST-123
PaymentService: Processing payment of 300 for order ORD-1755544234625
OrderSessionFacade: Order completed successfully
OrderSessionFacade: Processing complete order workflow
CustomerService: Retrieving customer CUST-456
OrderService: Creating order for customer CUST-456
PaymentService: Processing payment of 300 for order ORD-1755544234626
OrderSessionFacade: Order completed successfully
]]></system-out>
  </testcase>
  <testcase name="testServiceCoordination" classname="com.balazsholczer.sessionfacade.SessionFacadePatternTest" time="0.003">
    <system-out><![CDATA[CustomerService: Retrieving customer CUST-123
OrderService: Creating order for customer CUST-123
PaymentService: Processing payment of 300 for order ORD-1755544234630
]]></system-out>
  </testcase>
  <testcase name="testFunctionalApproach" classname="com.balazsholczer.sessionfacade.SessionFacadePatternTest" time="0.005">
    <system-out><![CDATA[Functional payment processing for FUNC-ORD-001
]]></system-out>
  </testcase>
  <testcase name="testInvalidCustomerHandling" classname="com.balazsholczer.sessionfacade.SessionFacadePatternTest" time="0.002">
    <system-out><![CDATA[OrderSessionFacade: Processing complete order workflow
CustomerService: Retrieving customer INVALID-CUSTOMER
OrderService: Creating order for customer INVALID-CUSTOMER
PaymentService: Processing payment of 300 for order ORD-1755544234641
OrderSessionFacade: Order completed successfully
]]></system-out>
  </testcase>
</testsuite>